\BOOKMARK [0][-]{section*.1}{Part\040I}{}% 1
\BOOKMARK [0][-]{section*.2}{Intro\040Examples}{}% 2
\BOOKMARK [1][-]{section*.3}{Citations}{section*.2}% 3
\BOOKMARK [2][-]{section*.4}{El\040mundo\040real}{section*.3}% 4
\BOOKMARK [1][-]{section*.5}{Lists}{section*.2}% 5
\BOOKMARK [2][-]{section*.6}{Lists}{section*.5}% 6
\BOOKMARK [2][-]{section*.7}{Terms}{section*.5}% 7
\BOOKMARK [1][-]{section*.8}{Code}{section*.2}% 8
\BOOKMARK [2][-]{section*.9}{R}{section*.8}% 9
\BOOKMARK [2][-]{section*.10}{Python}{section*.8}% 10
\BOOKMARK [2][-]{section*.11}{bash}{section*.8}% 11
\BOOKMARK [1][-]{section*.12}{FASTA}{section*.2}% 12
\BOOKMARK [2][-]{section*.13}{FASTA}{section*.12}% 13
\BOOKMARK [1][-]{section*.14}{Problems}{section*.2}% 14
\BOOKMARK [2][-]{section*.15}{Problems}{section*.14}% 15
\BOOKMARK [1][-]{section*.16}{Equations}{section*.2}% 16
\BOOKMARK [2][-]{section*.17}{Equations}{section*.16}% 17
\BOOKMARK [0][-]{section*.18}{Appendix}{}% 18
\BOOKMARK [1][-]{section*.19}{Table}{section*.18}% 19
\BOOKMARK [1][-]{section*.21}{Figures}{section*.18}% 20
\BOOKMARK [0][-]{section*.24}{References}{}% 21
\BOOKMARK [0][-]{section*.24}{Index}{}% 22
