This is XeTeX, Version 3.1415926-2.4-0.9998 (MiKTeX 2.9) (preloaded format=xelatex 2013.4.25)  20 JUN 2013 09:51
entering extended mode
**project.tex /wait
(C:\Users\B\Dropbox\github\latex_boilerplate\pdf\project.tex
LaTeX2e <2011/06/27>
Babel <v3.8m> and hyphenation patterns for english, afrikaans, ancientgreek, ar
abic, armenian, assamese, basque, bengali, bokmal, bulgarian, catalan, coptic, 
croatian, czech, danish, dutch, esperanto, estonian, farsi, finnish, french, ga
lician, german, german-x-2012-05-30, greek, gujarati, hindi, hungarian, iceland
ic, indonesian, interlingua, irish, italian, kannada, kurmanji, latin, latvian,
 lithuanian, malayalam, marathi, mongolian, mongolianlmc, monogreek, ngerman, n
german-x-2012-05-30, nynorsk, oriya, panjabi, pinyin, polish, portuguese, roman
ian, russian, sanskrit, serbian, slovak, slovenian, spanish, swedish, swissgerm
an, tamil, telugu, turkish, turkmen, ukenglish, ukrainian, uppersorbian, usengl
ishmax, welsh, loaded.
\@input{common/packages.aux}
(C:\Users\B\Dropbox\github\latex_boilerplate\pdf\common/packages.tex (C:\Users\
B\Software\Portable\MikTeX\tex\latex\base\book.cls
Document Class: book 2007/10/19 v1.4h Standard LaTeX document class
(C:\Users\B\Software\Portable\MikTeX\tex\latex\base\bk10.clo
File: bk10.clo 2007/10/19 v1.4h Standard LaTeX file (size option)
)
\c@part=\count80
\c@chapter=\count81
\c@section=\count82
\c@subsection=\count83
\c@subsubsection=\count84
\c@paragraph=\count85
\c@subparagraph=\count86
\c@figure=\count87
\c@table=\count88
\abovecaptionskip=\skip41
\belowcaptionskip=\skip42
\bibindent=\dimen102
) (C:\Users\B\Software\Portable\MikTeX\tex\latex\pgf\utilities\pgfkeys.sty
(C:\Users\B\Software\Portable\MikTeX\tex\generic\pgf\utilities\pgfkeys.code.tex
\pgfkeys@pathtoks=\toks14
\pgfkeys@temptoks=\toks15

(C:\Users\B\Software\Portable\MikTeX\tex\generic\pgf\utilities\pgfkeysfiltered.
code.tex
\pgfkeys@tmptoks=\toks16
))) (C:\Users\B\Software\Portable\MikTeX\tex\latex\xifthen\xifthen.sty
Package: xifthen 2009/04/17 v1.3 Extended ifthen features
(C:\Users\B\Software\Portable\MikTeX\tex\latex\misc\etex.sty
Package: etex 1998/03/26 v2.0 eTeX basic definition package (PEB)
\et@xins=\count89
) (C:\Users\B\Software\Portable\MikTeX\tex\latex\tools\calc.sty
Package: calc 2007/08/22 v4.3 Infix arithmetic (KKT,FJ)
\calc@Acount=\count90
\calc@Bcount=\count91
\calc@Adimen=\dimen103
\calc@Bdimen=\dimen104
\calc@Askip=\skip43
\calc@Bskip=\skip44
LaTeX Info: Redefining \setlength on input line 76.
LaTeX Info: Redefining \addtolength on input line 77.
\calc@Ccount=\count92
\calc@Cskip=\skip45
) (C:\Users\B\Software\Portable\MikTeX\tex\latex\base\ifthen.sty
Package: ifthen 2001/05/26 v1.1c Standard LaTeX ifthen package (DPC)
) (C:\Users\B\Software\Portable\MikTeX\tex\latex\ifmtarg\ifmtarg.sty
Package: ifmtarg 2009/09/02 v1.2a check for an empty argument
)) (C:\Users\B\Software\Portable\MikTeX\tex\latex\amsmath\amsmath.sty
Package: amsmath 2013/01/14 v2.14 AMS math features
\@mathmargin=\skip46
For additional information on amsmath, use the `?' option.
(C:\Users\B\Software\Portable\MikTeX\tex\latex\amsmath\amstext.sty
Package: amstext 2000/06/29 v2.01
(C:\Users\B\Software\Portable\MikTeX\tex\latex\amsmath\amsgen.sty
File: amsgen.sty 1999/11/30 v2.0
\@emptytoks=\toks17
\ex@=\dimen105
)) (C:\Users\B\Software\Portable\MikTeX\tex\latex\amsmath\amsbsy.sty
Package: amsbsy 1999/11/29 v1.2d
\pmbraise@=\dimen106
) (C:\Users\B\Software\Portable\MikTeX\tex\latex\amsmath\amsopn.sty
Package: amsopn 1999/12/14 v2.01 operator names
)
\inf@bad=\count93
LaTeX Info: Redefining \frac on input line 210.
\uproot@=\count94
\leftroot@=\count95
LaTeX Info: Redefining \overline on input line 306.
\classnum@=\count96
\DOTSCASE@=\count97
LaTeX Info: Redefining \ldots on input line 378.
LaTeX Info: Redefining \dots on input line 381.
LaTeX Info: Redefining \cdots on input line 466.
\Mathstrutbox@=\box26
\strutbox@=\box27
\big@size=\dimen107
LaTeX Font Info:    Redeclaring font encoding OML on input line 566.
LaTeX Font Info:    Redeclaring font encoding OMS on input line 567.
\macc@depth=\count98
\c@MaxMatrixCols=\count99
\dotsspace@=\muskip10
\c@parentequation=\count100
\dspbrk@lvl=\count101
\tag@help=\toks18
\row@=\count102
\column@=\count103
\maxfields@=\count104
\andhelp@=\toks19
\eqnshift@=\dimen108
\alignsep@=\dimen109
\tagshift@=\dimen110
\tagwidth@=\dimen111
\totwidth@=\dimen112
\lineht@=\dimen113
\@envbody=\toks20
\multlinegap=\skip47
\multlinetaggap=\skip48
\mathdisplay@stack=\toks21
LaTeX Info: Redefining \[ on input line 2665.
LaTeX Info: Redefining \] on input line 2666.
) (C:\Users\B\Software\Portable\MikTeX\tex\latex\l3packages\xparse\xparse.sty (
C:\Users\B\Software\Portable\MikTeX\tex\latex\l3kernel\expl3.sty (C:\Users\B\So
ftware\Portable\MikTeX\tex\latex\l3kernel\l3names.sty (C:\Users\B\Software\Port
able\MikTeX\tex\latex\l3kernel\l3bootstrap.sty
Package: l3bootstrap 2013/01/08 v4420 L3 Experimental bootstrap code
)
Package: l3names 2012/12/07 v4346 L3 Namespace for primitives
)
Package: expl3 2013/03/14 v4469 L3 Experimental code bundle wrapper
(C:\Users\B\Software\Portable\MikTeX\tex\latex\l3kernel\l3basics.sty
Package: l3basics 2013/01/10 v4428 L3 Basic definitions
) (C:\Users\B\Software\Portable\MikTeX\tex\latex\l3kernel\l3expan.sty
Package: l3expan 2013/02/03 v4458 L3 Argument expansion
) (C:\Users\B\Software\Portable\MikTeX\tex\latex\l3kernel\l3tl.sty
Package: l3tl 2013/01/08 v4415 L3 Token lists
) (C:\Users\B\Software\Portable\MikTeX\tex\latex\l3kernel\l3seq.sty
Package: l3seq 2013/01/12 v4434 L3 Sequences and stacks
) (C:\Users\B\Software\Portable\MikTeX\tex\latex\l3kernel\l3int.sty
Package: l3int 2013/01/13 v4444 L3 Integers
\c_max_int=\count105
\l_tmpa_int=\count106
\l_tmpb_int=\count107
\g_tmpa_int=\count108
\g_tmpb_int=\count109
) (C:\Users\B\Software\Portable\MikTeX\tex\latex\l3kernel\l3quark.sty
Package: l3quark 2012/11/04 v4268 L3 Quarks
) (C:\Users\B\Software\Portable\MikTeX\tex\latex\l3kernel\l3prg.sty
Package: l3prg 2013/02/13 v4459 L3 Control structures
\g__prg_map_int=\count110
) (C:\Users\B\Software\Portable\MikTeX\tex\latex\l3kernel\l3clist.sty
Package: l3clist 2013/01/08 v4414 L3 Comma separated lists
) (C:\Users\B\Software\Portable\MikTeX\tex\latex\l3kernel\l3token.sty
Package: l3token 2013/01/10 v4428 L3 Experimental token manipulation
) (C:\Users\B\Software\Portable\MikTeX\tex\latex\l3kernel\l3prop.sty
Package: l3prop 2013/01/09 v4423 L3 Property lists
) (C:\Users\B\Software\Portable\MikTeX\tex\latex\l3kernel\l3msg.sty
Package: l3msg 2013/01/08 v4412 L3 Messages
) (C:\Users\B\Software\Portable\MikTeX\tex\latex\l3kernel\l3file.sty
Package: l3file 2013/01/14 v4446 L3 File and I/O operations
\l_iow_line_count_int=\count111
\l__iow_target_count_int=\count112
\l__iow_current_line_int=\count113
\l__iow_current_word_int=\count114
\l__iow_current_indentation_int=\count115
) (C:\Users\B\Software\Portable\MikTeX\tex\latex\l3kernel\l3skip.sty
Package: l3skip 2013/01/13 v4444 L3 Dimensions and skips
\c_zero_dim=\dimen114
\c_max_dim=\dimen115
\l_tmpa_dim=\dimen116
\l_tmpb_dim=\dimen117
\g_tmpa_dim=\dimen118
\g_tmpb_dim=\dimen119
\c_zero_skip=\skip49
\c_max_skip=\skip50
\l_tmpa_skip=\skip51
\l_tmpb_skip=\skip52
\g_tmpa_skip=\skip53
\g_tmpb_skip=\skip54
\c_zero_muskip=\muskip11
\c_max_muskip=\muskip12
\l_tmpa_muskip=\muskip13
\l_tmpb_muskip=\muskip14
\g_tmpa_muskip=\muskip15
\g_tmpb_muskip=\muskip16
) (C:\Users\B\Software\Portable\MikTeX\tex\latex\l3kernel\l3keys.sty
Package: l3keys 2013/02/24 v4461 L3 Experimental key-value interfaces
\g__keyval_level_int=\count116
\l_keys_choice_int=\count117
) (C:\Users\B\Software\Portable\MikTeX\tex\latex\l3kernel\l3fp.sty
Package: l3fp 2013/01/19 v4449 L3 Floating points
\c__fp_leading_shift_int=\count118
\c__fp_middle_shift_int=\count119
\c__fp_trailing_shift_int=\count120
\c__fp_big_leading_shift_int=\count121
\c__fp_big_middle_shift_int=\count122
\c__fp_big_trailing_shift_int=\count123
\c__fp_Bigg_leading_shift_int=\count124
\c__fp_Bigg_middle_shift_int=\count125
\c__fp_Bigg_trailing_shift_int=\count126
) (C:\Users\B\Software\Portable\MikTeX\tex\latex\l3kernel\l3box.sty
Package: l3box 2013/01/08 v4411 L3 Experimental boxes
\c_empty_box=\box28
\l_tmpa_box=\box29
\l_tmpb_box=\box30
\g_tmpa_box=\box31
\g_tmpb_box=\box32
) (C:\Users\B\Software\Portable\MikTeX\tex\latex\l3kernel\l3coffins.sty
Package: l3coffins 2012/09/09 v4212 L3 Coffin code layer
\l__coffin_internal_box=\box33
\l__coffin_internal_dim=\dimen120
\l__coffin_offset_x_dim=\dimen121
\l__coffin_offset_y_dim=\dimen122
\l__coffin_x_dim=\dimen123
\l__coffin_y_dim=\dimen124
\l__coffin_x_prime_dim=\dimen125
\l__coffin_y_prime_dim=\dimen126
\c_empty_coffin=\box34
\l__coffin_aligned_coffin=\box35
\l__coffin_aligned_internal_coffin=\box36
\l_tmpa_coffin=\box37
\l_tmpb_coffin=\box38
\l__coffin_display_coffin=\box39
\l__coffin_display_coord_coffin=\box40
\l__coffin_display_pole_coffin=\box41
\l__coffin_display_offset_dim=\dimen127
\l__coffin_display_x_dim=\dimen128
\l__coffin_display_y_dim=\dimen129
) (C:\Users\B\Software\Portable\MikTeX\tex\latex\l3kernel\l3color.sty
Package: l3color 2012/08/29 v4156 L3 Experimental color support
) (C:\Users\B\Software\Portable\MikTeX\tex\latex\l3kernel\l3luatex.sty
Package: l3luatex 2012/08/03 v4049 L3 Experimental LuaTeX-specific functions
\g__cctab_allocate_int=\count127
\g__cctab_stack_int=\count128
) (C:\Users\B\Software\Portable\MikTeX\tex\latex\l3kernel\l3candidates.sty
Package: l3candidates 2013/03/14 v4468 L3 Experimental additions to l3kernel
\l__box_top_dim=\dimen130
\l__box_bottom_dim=\dimen131
\l__box_left_dim=\dimen132
\l__box_right_dim=\dimen133
\l__box_top_new_dim=\dimen134
\l__box_bottom_new_dim=\dimen135
\l__box_left_new_dim=\dimen136
\l__box_right_new_dim=\dimen137
\l__box_internal_box=\box42
\l__coffin_bounding_shift_dim=\dimen138
\l__coffin_left_corner_dim=\dimen139
\l__coffin_right_corner_dim=\dimen140
\l__coffin_bottom_corner_dim=\dimen141
\l__coffin_top_corner_dim=\dimen142
\l__coffin_scaled_total_height_dim=\dimen143
\l__coffin_scaled_width_dim=\dimen144
) (C:\Users\B\Software\Portable\MikTeX\tex\generic\oberdiek\ifpdf.sty
Package: ifpdf 2011/01/30 v2.3 Provides the ifpdf switch (HO)
Package ifpdf Info: pdfTeX in PDF mode is not detected.
))
Package: xparse 2013/03/12 v4467 L3 Experimental document command parser
\l__xparse_current_arg_int=\count129
\l__xparse_m_args_int=\count130
\l__xparse_mandatory_args_int=\count131
\l__xparse_processor_int=\count132
\l__xparse_v_nesting_int=\count133
) (C:\Users\B\Software\Portable\MikTeX\tex\latex\fp\fp.sty
Package: fp 1995/04/02
`Fixed Point Package', Version 0.8, April 2, 1995 (C) Michael Mehlich (C:\Users
\B\Software\Portable\MikTeX\tex\latex\fp\defpattern.sty
Package: defpattern 1994/10/12
\actioncount=\count134
) (C:\Users\B\Software\Portable\MikTeX\tex\latex\fp\fp-basic.sty
Package: fp-basic 1996/05/13
\FP@xs=\count135
\FP@xia=\count136
\FP@xib=\count137
\FP@xfa=\count138
\FP@xfb=\count139
\FP@rega=\count140
\FP@regb=\count141
\FP@regs=\count142
\FP@times=\count143
) (C:\Users\B\Software\Portable\MikTeX\tex\latex\fp\fp-addons.sty
Package: fp-addons 1995/03/15
) (C:\Users\B\Software\Portable\MikTeX\tex\latex\fp\fp-snap.sty
Package: fp-snap 1995/04/05
) (C:\Users\B\Software\Portable\MikTeX\tex\latex\fp\fp-exp.sty
Package: fp-exp 1995/04/03
) (C:\Users\B\Software\Portable\MikTeX\tex\latex\fp\fp-trigo.sty
Package: fp-trigo 1995/04/14
) (C:\Users\B\Software\Portable\MikTeX\tex\latex\fp\fp-pas.sty
Package: fp-pas 1994/08/29
) (C:\Users\B\Software\Portable\MikTeX\tex\latex\fp\fp-random.sty
Package: fp-random 1995/02/23
\FPseed=\count144
) (C:\Users\B\Software\Portable\MikTeX\tex\latex\fp\fp-eqn.sty
Package: fp-eqn 1995/04/03
) (C:\Users\B\Software\Portable\MikTeX\tex\latex\fp\fp-upn.sty
Package: fp-upn 1996/10/21
) (C:\Users\B\Software\Portable\MikTeX\tex\latex\fp\fp-eval.sty
Package: fp-eval 1995/04/03
)) (C:\Users\B\Software\Portable\MikTeX\tex\latex\listings\listings.sty (C:\Use
rs\B\Software\Portable\MikTeX\tex\latex\graphics\keyval.sty
Package: keyval 1999/03/16 v1.13 key=value parser (DPC)
\KV@toks@=\toks22
)
\lst@mode=\count145
\lst@gtempboxa=\box43
\lst@token=\toks23
\lst@length=\count146
\lst@currlwidth=\dimen145
\lst@column=\count147
\lst@pos=\count148
\lst@lostspace=\dimen146
\lst@width=\dimen147
\lst@newlines=\count149
\lst@lineno=\count150
\lst@maxwidth=\dimen148
(C:\Users\B\Software\Portable\MikTeX\tex\latex\listings\lstmisc.sty
File: lstmisc.sty 2007/02/22 1.4 (Carsten Heinz)
\c@lstnumber=\count151
\lst@skipnumbers=\count152
\lst@framebox=\box44
) (C:\Users\B\Software\Portable\MikTeX\tex\latex\listings\listings.cfg
File: listings.cfg 2007/02/22 1.4 listings configuration
))
Package: listings 2007/02/22 1.4 (Carsten Heinz)
(C:\Users\B\Software\Portable\MikTeX\tex\latex\listings\lstlang1.sty
File: lstlang1.sty 2004/09/05 1.3 listings language file
) (C:\Users\B\Software\Portable\MikTeX\tex\latex\listings\lstlang2.sty
File: lstlang2.sty 2004/09/05 1.3 listings language file
) (C:\Users\B\Software\Portable\MikTeX\tex\latex\listings\lstlang3.sty
File: lstlang3.sty 2004/09/05 1.3 listings language file
) (C:\Users\B\Software\Portable\MikTeX\tex\latex\xcolor\xcolor.sty
Package: xcolor 2007/01/21 v2.11 LaTeX color extensions (UK)
(C:\Users\B\Software\Portable\MikTeX\tex\latex\00miktex\color.cfg
File: color.cfg 2007/01/18 v1.5 color configuration of teTeX/TeXLive
)
Package xcolor Info: Driver file: xetex.def on input line 225.
(C:\Users\B\Software\Portable\MikTeX\tex\xelatex\xetex-def\xetex.def
File: xetex.def 2013/04/29 v0.96 LaTeX color/graphics driver for XeTeX (RRM/JK)

) (C:\Users\B\Software\Portable\MikTeX\tex\latex\colortbl\colortbl.sty
Package: colortbl 2012/02/13 v1.0a Color table columns (DPC)
(C:\Users\B\Software\Portable\MikTeX\tex\latex\tools\array.sty
Package: array 2008/09/09 v2.4c Tabular extension package (FMi)
\col@sep=\dimen149
\extrarowheight=\dimen150
\NC@list=\toks24
\extratabsurround=\skip55
\backup@length=\skip56
)
\everycr=\toks25
\minrowclearance=\skip57
)
\rownum=\count153
Package xcolor Info: Model `cmy' substituted by `cmy0' on input line 1337.
Package xcolor Info: Model `RGB' extended on input line 1353.
Package xcolor Info: Model `HTML' substituted by `rgb' on input line 1355.
Package xcolor Info: Model `Hsb' substituted by `hsb' on input line 1356.
Package xcolor Info: Model `tHsb' substituted by `hsb' on input line 1357.
Package xcolor Info: Model `HSB' substituted by `hsb' on input line 1358.
Package xcolor Info: Model `Gray' substituted by `gray' on input line 1359.
Package xcolor Info: Model `wave' substituted by `hsb' on input line 1360.
) (C:\Users\B\Software\Portable\MikTeX\tex\latex\booktabs\booktabs.sty
Package: booktabs 2005/04/14 v1.61803 publication quality tables
\heavyrulewidth=\dimen151
\lightrulewidth=\dimen152
\cmidrulewidth=\dimen153
\belowrulesep=\dimen154
\belowbottomsep=\dimen155
\aboverulesep=\dimen156
\abovetopsep=\dimen157
\cmidrulesep=\dimen158
\cmidrulekern=\dimen159
\defaultaddspace=\dimen160
\@cmidla=\count154
\@cmidlb=\count155
\@aboverulesep=\dimen161
\@belowrulesep=\dimen162
\@thisruleclass=\count156
\@lastruleclass=\count157
\@thisrulewidth=\dimen163
) (C:\Users\B\Software\Portable\MikTeX\tex\latex\ctable\ctable.sty
Package: ctable 2013/04/28 v1.24 Easy, key=value directed, option-rich, typeset
ting of floats
(C:\Users\B\Software\Portable\MikTeX\tex\latex\xkeyval\xkeyval.sty
Package: xkeyval 2012/10/14 v2.6b package option processing (HA)
(C:\Users\B\Software\Portable\MikTeX\tex\generic\xkeyval\xkeyval.tex
\XKV@toks=\toks26
\XKV@tempa@toks=\toks27
\XKV@depth=\count158
File: xkeyval.tex 2012/10/14 v2.6b key=value parser (HA)
)) (C:\Users\B\Software\Portable\MikTeX\tex\latex\tools\tabularx.sty
Package: tabularx 1999/01/07 v2.07 `tabularx' package (DPC)
\TX@col@width=\dimen164
\TX@old@table=\dimen165
\TX@old@col=\dimen166
\TX@target=\dimen167
\TX@delta=\dimen168
\TX@cols=\count159
\TX@ftn=\toks28
) (C:\Users\B\Software\Portable\MikTeX\tex\latex\rotating\rotating.sty
Package: rotating 2009/03/28 v2.16a rotated objects in LaTeX
(C:\Users\B\Software\Portable\MikTeX\tex\latex\graphics\graphicx.sty
Package: graphicx 1999/02/16 v1.0f Enhanced LaTeX Graphics (DPC,SPQR)
(C:\Users\B\Software\Portable\MikTeX\tex\latex\graphics\graphics.sty
Package: graphics 2009/02/05 v1.0o Standard LaTeX Graphics (DPC,SPQR)
(C:\Users\B\Software\Portable\MikTeX\tex\latex\graphics\trig.sty
Package: trig 1999/03/16 v1.09 sin cos tan (DPC)
) (C:\Users\B\Software\Portable\MikTeX\tex\latex\00miktex\graphics.cfg
File: graphics.cfg 2007/01/18 v1.5 graphics configuration of teTeX/TeXLive
)
Package graphics Info: Driver file: xetex.def on input line 91.
)
\Gin@req@height=\dimen169
\Gin@req@width=\dimen170
)
\c@r@tfl@t=\count160
\rotFPtop=\skip58
\rotFPbot=\skip59
\rot@float@box=\box45
\rot@mess@toks=\toks29
)

Package ctable Warning: 
(ctable)                Transparency disabled: pdfTeX is not running in PDF mod
e .

\@ctblframesep=\dimen171
\@defaultctblframesep=\dimen172
\@ctblframerule=\dimen173
\@defaultctblframerule=\dimen174
\@ctblwidth=\dimen175
\@defaultctblwidth=\dimen176
\@ctblcaptionskip=\dimen177
\@defaultctblcaptionskip=\dimen178
\@ctblmaxwidth=\dimen179
\@defaultctblmaxwidth=\dimen180
\@ctblmincapwidth=\dimen181
\@defaultctblmincapwidth=\dimen182
\@ctblfooterwidth=\dimen183
\@defaultctblfooterwidth=\dimen184
\@ctblw=\dimen185
\@ctblfloatwidth=\dimen186
\@ctbloldsep=\dimen187
\@ctbloldrule=\dimen188
\ctbl@t=\box46
) (C:\Users\B\Software\Portable\MikTeX\tex\latex\tools\longtable.sty
Package: longtable 2004/02/01 v4.11 Multi-page Table package (DPC)
\LTleft=\skip60
\LTright=\skip61
\LTpre=\skip62
\LTpost=\skip63
\LTchunksize=\count161
\LTcapwidth=\dimen189
\LT@head=\box47
\LT@firsthead=\box48
\LT@foot=\box49
\LT@lastfoot=\box50
\LT@cols=\count162
\LT@rows=\count163
\c@LT@tables=\count164
\c@LT@chunks=\count165
\LT@p@ftn=\toks30
) (C:\Users\B\Software\Portable\MikTeX\tex\latex\csvsimple\csvsimple.sty
Package: csvsimple 2012/11/08 version 1.06 LaTeX CSV file processing
\csv@file=\read1
\c@csvinputline=\count166
\c@csvrow=\count167
\c@csvcol=\count168
) (C:\Users\B\Software\Portable\MikTeX\tex\latex\eso-pic\eso-pic.sty
Package: eso-pic 2010/10/06 v2.0c eso-pic (RN)
(C:\Users\B\Software\Portable\MikTeX\tex\generic\oberdiek\atbegshi.sty
Package: atbegshi 2011/10/05 v1.16 At begin shipout hook (HO)
(C:\Users\B\Software\Portable\MikTeX\tex\generic\oberdiek\infwarerr.sty
Package: infwarerr 2010/04/08 v1.3 Providing info/warning/error messages (HO)
) (C:\Users\B\Software\Portable\MikTeX\tex\generic\oberdiek\ltxcmds.sty
Package: ltxcmds 2011/11/09 v1.22 LaTeX kernel commands for general use (HO)
))) (C:\Users\B\Software\Portable\MikTeX\tex\latex\sttools\stfloats.sty
Package: stfloats 2012/05/29 v1.1 Improve float mechanism and baselineskip sett
ings
\@dblbotnum=\count169
\c@dblbotnumber=\count170
) (C:\Users\B\Software\Portable\MikTeX\tex\latex\float\float.sty
Package: float 2001/11/08 v1.3d Float enhancements (AL)
\c@float@type=\count171
\float@exts=\toks31
\float@box=\box51
\@float@everytoks=\toks32
\@floatcapt=\box52
) (C:\Users\B\Software\Portable\MikTeX\tex\latex\subfig\subfig.sty
Package: subfig 2005/06/28 ver: 1.3 subfig package
(C:\Users\B\Software\Portable\MikTeX\tex\latex\caption\caption.sty
Package: caption 2013/05/02 v3.3-89 Customizing captions (AR)
(C:\Users\B\Software\Portable\MikTeX\tex\latex\caption\caption3.sty
Package: caption3 2013/05/02 v1.6-88 caption3 kernel (AR)
Package caption3 Info: TeX engine: e-TeX on input line 57.
\captionmargin=\dimen190
\captionmargin@=\dimen191
\captionwidth=\dimen192
\caption@tempdima=\dimen193
\caption@indent=\dimen194
\caption@parindent=\dimen195
\caption@hangindent=\dimen196
)
\c@ContinuedFloat=\count172
Package caption Info: float package is loaded.
Package caption Info: listings package is loaded.
Package caption Info: longtable package is loaded.
(C:\Users\B\Software\Portable\MikTeX\tex\latex\caption\ltcaption.sty
Package: ltcaption 2013/02/03 v1.3-62 longtable captions (AR)
)
Package caption Info: rotating package is loaded.
)
\c@KVtest=\count173
\sf@farskip=\skip64
\sf@captopadj=\dimen197
\sf@capskip=\skip65
\sf@nearskip=\skip66
\c@subfigure=\count174
\c@subfigure@save=\count175
\c@lofdepth=\count176
\c@subtable=\count177
\c@subtable@save=\count178
\c@lotdepth=\count179
\sf@top=\skip67
\sf@bottom=\skip68
) (C:\Users\B\Software\Portable\MikTeX\tex\latex\wrapfig\wrapfig.sty
\wrapoverhang=\dimen198
\WF@size=\dimen199
\c@WF@wrappedlines=\count180
\WF@box=\box53
\WF@everypar=\toks33
Package: wrapfig 2003/01/31  v 3.6
) (C:\Users\B\Software\Portable\MikTeX\tex\latex\pdfpages\pdfpages.sty
Package: pdfpages 2012/08/31 v0.4t Insert pages of external PDF documents (AM)
(C:\Users\B\Software\Portable\MikTeX\tex\latex\pdfpages\ppxetex.def
File: ppxetex.def 2012/08/31 v0.4t Pdfpages driver for XeTeX (AM)
)
\AM@pagebox=\box54
\AM@toc@title=\toks34
\c@AM@survey=\count181
\AM@templatesizebox=\box55
) (C:\Users\B\Software\Portable\MikTeX\tex\latex\ltxmisc\parskip.sty
Package: parskip 2001/04/09 non-zero parskip adjustments
) (C:\Users\B\Software\Portable\MikTeX\tex\latex\was\gensymb.sty
Package: gensymb 2003/07/02 v1.0 (WaS)
) (C:\Users\B\Software\Portable\MikTeX\tex\latex\setspace\setspace.sty
Package: setspace 2011/12/19 v6.7a set line spacing
) (C:\Users\B\Software\Portable\MikTeX\tex\latex\base\fix-cm.sty
Package: fix-cm 2006/09/13 v1.1m fixes to LaTeX
(C:\Users\B\Software\Portable\MikTeX\tex\latex\base\ts1enc.def
File: ts1enc.def 2001/06/05 v3.0e (jk/car/fm) Standard LaTeX file
)) (C:\Users\B\Software\Portable\MikTeX\tex\latex\leading\leading.sty
Package: leading 2008/12/11 v0.3 Define leading length
) (C:\Users\B\Software\Portable\MikTeX\tex\latex\tools\verbatim.sty
Package: verbatim 2003/08/22 v1.5q LaTeX2e package for verbatim enhancements
\every@verbatim=\toks35
\verbatim@line=\toks36
\verbatim@in@stream=\read2
) (C:\Users\B\Software\Portable\MikTeX\tex\latex\tools\multicol.sty
Package: multicol 2011/06/27 v1.7a multicolumn formatting (FMi)
\c@tracingmulticols=\count182
\mult@box=\box56
\multicol@leftmargin=\dimen200
\c@unbalance=\count183
\c@collectmore=\count184
\doublecol@number=\count185
\multicoltolerance=\count186
\multicolpretolerance=\count187
\full@width=\dimen201
Normal \dimen register pool exhausted, switching to extended pool.
\page@free=\dimen256
\premulticols=\dimen257
\postmulticols=\dimen258
\multicolsep=\skip69
\multicolbaselineskip=\skip70
\partial@page=\box57
\last@line=\box58
\mult@rightbox=\box59
\mult@grightbox=\box60
\mult@gfirstbox=\box61
\mult@firstbox=\box62
\@tempa=\box63
\@tempa=\box64
\@tempa=\box65
\@tempa=\box66
\@tempa=\box67
\@tempa=\box68
\@tempa=\box69
\@tempa=\box70
\@tempa=\box71
\@tempa=\box72
\@tempa=\box73
\@tempa=\box74
\@tempa=\box75
\@tempa=\box76
\@tempa=\box77
\@tempa=\box78
\@tempa=\box79
\c@columnbadness=\count188
\c@finalcolumnbadness=\count189
\last@try=\dimen259
\multicolovershoot=\dimen260
\multicolundershoot=\dimen261
\mult@nat@firstbox=\box80
\colbreak@box=\box81
\multicol@sort@counter=\count190
) (C:\Users\B\Software\Portable\MikTeX\tex\latex\enumitem\enumitem.sty
Package: enumitem 2011/09/28 v3.5.2 Customized lists
\labelindent=\skip71
\enit@outerparindent=\dimen262
\enit@toks=\toks37
\enit@inbox=\box82
\enitdp@description=\count191
) (C:\Users\B\Software\Portable\MikTeX\tex\latex\seqsplit\seqsplit.sty
Package: seqsplit 2006/08/07 v0.1 Splitting long sequences (DNA, RNA, proteins,
 etc.) 
) (C:\Users\B\Software\Portable\MikTeX\tex\latex\footmisc\footmisc.sty
Package: footmisc 2011/06/06 v5.5b a miscellany of footnote facilities
\FN@temptoken=\toks38
\footnotemargin=\dimen263
\c@pp@next@reset=\count192
Package footmisc Info: Declaring symbol style bringhurst on input line 855.
Package footmisc Info: Declaring symbol style chicago on input line 863.
Package footmisc Info: Declaring symbol style wiley on input line 872.
Package footmisc Info: Declaring symbol style lamport-robust on input line 883.

Package footmisc Info: Declaring symbol style lamport* on input line 903.
Package footmisc Info: Declaring symbol style lamport*-robust on input line 924
.
) (C:\Users\B\Software\Portable\MikTeX\tex\latex\lipsum\lipsum.sty
Package: lipsum 2011/04/14 v1.2 150 paragraphs of Lorem Ipsum dummy text
\c@lips@count=\count193
) (C:\Users\B\Software\Portable\MikTeX\tex\latex\ulem\ulem.sty
\UL@box=\box83
\UL@hyphenbox=\box84
\UL@skip=\skip72
\UL@hook=\toks39
\UL@height=\dimen264
\UL@pe=\count194
\UL@pixel=\dimen265
\ULC@box=\box85
Package: ulem 2012/05/18
\ULdepth=\dimen266
) (C:\Users\B\Software\Portable\MikTeX\tex\latex\datetime\datetime.sty
Package: datetime 2010/09/21 v2.58 Date Time Package
(C:\Users\B\Software\Portable\MikTeX\tex\latex\fmtcount\fmtcount.sty
Package: fmtcount 2012/10/24 v2.02
(C:\Users\B\Software\Portable\MikTeX\tex\latex\etoolbox\etoolbox.sty
Package: etoolbox 2011/01/03 v2.1 e-TeX tools for LaTeX
\etb@tempcnta=\count195
) (C:\Users\B\Software\Portable\MikTeX\tex\latex\fmtcount\fcprefix.sty
Package: fcprefix 2012/09/28
(C:\Users\B\Software\Portable\MikTeX\tex\latex\fmtcount\fcnumparser.sty
Package: fcnumparser 2012/09/28
\fc@digit@counter=\count196
))
\c@padzeroesN=\count197
\fc@tmpcatcode=\count198
\@DT@modctr=\count199
\@ordinalctr=\count200
\@orgargctr=\count201
Normal \count register pool exhausted, switching to extended pool.
\@strctr=\count277
\@tmpstrctr=\count278
\@DT@loopN=\count279
\@DT@X=\count280
(C:\Users\B\Software\Portable\MikTeX\tex\latex\fmtcount\fc-english.def
File: fc-english.def 2012/06/18
))
\@day=\count281
\@month=\count282
\@year=\count283
\c@HOUR=\count284
\c@HOURXII=\count285
\c@MINUTE=\count286
\c@TOHOUR=\count287
\c@TOMINUTE=\count288
\c@SECOND=\count289
\currenthour=\count290
\currentminute=\count291
\currentsecond=\count292
Package datetime Info: No datetime.cfg file found, using default settings on in
put line 292.
\@dtctr=\count293
\dayofyear=\count294
\dayofweek=\count295
LaTeX Info: Redefining \today on input line 724.
\dt@a=\toks40
\dt@b=\toks41
) (C:\Users\B\Software\Portable\MikTeX\tex\latex\underlin\underlin.sty
Package: underlin 1997/02/16 v1.01 underlined running head (RmS)
) (C:\Users\B\Software\Portable\MikTeX\tex\latex\fancyhdr\fancyhdr.sty
\fancy@headwidth=\skip73
\f@ncyO@elh=\skip74
\f@ncyO@erh=\skip75
\f@ncyO@olh=\skip76
\f@ncyO@orh=\skip77
\f@ncyO@elf=\skip78
\f@ncyO@erf=\skip79
\f@ncyO@olf=\skip80
\f@ncyO@orf=\skip81
) (C:\Users\B\Software\Portable\MikTeX\tex\latex\mh\mathtools.sty
Package: mathtools 2013/02/12 v1.13 mathematical typesetting tools
(C:\Users\B\Software\Portable\MikTeX\tex\latex\mh\mhsetup.sty
Package: mhsetup 2010/01/21 v1.2a programming setup (MH)
)
LaTeX Info: Thecontrolsequence`\['isalreadyrobust on input line 129.
LaTeX Info: Thecontrolsequence`\]'isalreadyrobust on input line 129.
\g_MT_multlinerow_int=\count296
\l_MT_multwidth_dim=\dimen267
\origjot=\skip82
\l_MT_shortvdotswithinadjustabove_dim=\dimen268
\l_MT_shortvdotswithinadjustbelow_dim=\dimen269
\l_MT_above_intertext_sep=\dimen270
\l_MT_below_intertext_sep=\dimen271
\l_MT_above_shortintertext_sep=\dimen272
\l_MT_below_shortintertext_sep=\dimen273
) (C:\Users\B\Software\Portable\MikTeX\tex\latex\hyperref\hyperref.sty
Package: hyperref 2012/11/06 v6.83m Hypertext links for LaTeX
(C:\Users\B\Software\Portable\MikTeX\tex\generic\oberdiek\hobsub-hyperref.sty
Package: hobsub-hyperref 2012/04/25 v1.12 Bundle oberdiek, subset hyperref (HO)

(C:\Users\B\Software\Portable\MikTeX\tex\generic\oberdiek\hobsub-generic.sty
Package: hobsub-generic 2012/04/25 v1.12 Bundle oberdiek, subset generic (HO)
Package: hobsub 2012/04/25 v1.12 Construct package bundles (HO)
Package hobsub Info: Skipping package `infwarerr' (already loaded).
Package hobsub Info: Skipping package `ltxcmds' (already loaded).
Package: ifluatex 2010/03/01 v1.3 Provides the ifluatex switch (HO)
Package ifluatex Info: LuaTeX not detected.
Package: ifvtex 2010/03/01 v1.5 Detect VTeX and its facilities (HO)
Package ifvtex Info: VTeX not detected.
Package: intcalc 2007/09/27 v1.1 Expandable calculations with integers (HO)
Package hobsub Info: Skipping package `ifpdf' (already loaded).
Package: etexcmds 2011/02/16 v1.5 Avoid name clashes with e-TeX commands (HO)
Package etexcmds Info: Could not find \expanded.
(etexcmds)             That can mean that you are not using pdfTeX 1.50 or
(etexcmds)             that some package has redefined \expanded.
(etexcmds)             In the latter case, load this package earlier.
Package: kvsetkeys 2012/04/25 v1.16 Key value parser (HO)
Package: kvdefinekeys 2011/04/07 v1.3 Define keys (HO)
Package: pdftexcmds 2011/11/29 v0.20 Utility functions of pdfTeX for LuaTeX (HO
)
Package pdftexcmds Info: LuaTeX not detected.
Package pdftexcmds Info: pdfTeX >= 1.30 not detected.
Package pdftexcmds Info: \pdf@primitive is available.
Package pdftexcmds Info: \pdf@ifprimitive is available.
Package pdftexcmds Info: \pdfdraftmode not found.
Package: pdfescape 2011/11/25 v1.13 Implements pdfTeX's escape features (HO)
Package: bigintcalc 2012/04/08 v1.3 Expandable calculations on big integers (HO
)
Package: bitset 2011/01/30 v1.1 Handle bit-vector datatype (HO)
Package: uniquecounter 2011/01/30 v1.2 Provide unlimited unique counter (HO)
)
Package hobsub Info: Skipping package `hobsub' (already loaded).
Package: letltxmacro 2010/09/02 v1.4 Let assignment for LaTeX macros (HO)
Package: hopatch 2011/06/24 v1.1 Wrapper for package hooks (HO)
Package: xcolor-patch 2011/01/30 xcolor patch
Package: atveryend 2011/06/30 v1.8 Hooks at the very end of document (HO)
Package hobsub Info: Skipping package `atbegshi' (already loaded).
Package: refcount 2011/10/16 v3.4 Data extraction from label references (HO)
Package: hycolor 2011/01/30 v1.7 Color options for hyperref/bookmark (HO)
) (C:\Users\B\Software\Portable\MikTeX\tex\generic\ifxetex\ifxetex.sty
Package: ifxetex 2010/09/12 v0.6 Provides ifxetex conditional
) (C:\Users\B\Software\Portable\MikTeX\tex\latex\oberdiek\auxhook.sty
Package: auxhook 2011/03/04 v1.3 Hooks for auxiliary files (HO)
) (C:\Users\B\Software\Portable\MikTeX\tex\latex\oberdiek\kvoptions.sty
Package: kvoptions 2011/06/30 v3.11 Key value format for package options (HO)
)
\@linkdim=\dimen274
\Hy@linkcounter=\count297
\Hy@pagecounter=\count298
(C:\Users\B\Software\Portable\MikTeX\tex\latex\hyperref\pd1enc.def
File: pd1enc.def 2012/11/06 v6.83m Hyperref: PDFDocEncoding definition (HO)
)
\Hy@SavedSpaceFactor=\count299
(C:\Users\B\Software\Portable\MikTeX\tex\latex\00miktex\hyperref.cfg
File: hyperref.cfg 2002/06/06 v1.2 hyperref configuration of TeXLive
)
Package hyperref Info: Hyper figures OFF on input line 4443.
Package hyperref Info: Link nesting OFF on input line 4448.
Package hyperref Info: Hyper index ON on input line 4451.
Package hyperref Info: Plain pages OFF on input line 4458.
Package hyperref Info: Backreferencing OFF on input line 4463.
Package hyperref Info: Implicit mode ON; LaTeX internals redefined.
Package hyperref Info: Bookmarks ON on input line 4688.
\c@Hy@tempcnt=\count300
(C:\Users\B\Software\Portable\MikTeX\tex\xelatex\xetexurl\url.sty
\Urlmuskip=\muskip17
Package: url 2004/03/15  ver 3.1  Verb mode for urls, etc.
)
LaTeX Info: Redefining \url on input line 5041.
\XeTeXLinkMargin=\dimen275
\Fld@menulength=\count301
\Field@Width=\dimen276
\Fld@charsize=\dimen277
Package hyperref Info: Hyper figures OFF on input line 6295.
Package hyperref Info: Link nesting OFF on input line 6300.
Package hyperref Info: Hyper index ON on input line 6303.
Package hyperref Info: backreferencing OFF on input line 6310.
Package hyperref Info: Link coloring OFF on input line 6315.
Package hyperref Info: Link coloring with OCG OFF on input line 6320.
Package hyperref Info: PDF/A mode OFF on input line 6325.
LaTeX Info: Redefining \ref on input line 6365.
LaTeX Info: Redefining \pageref on input line 6369.
\Hy@abspage=\count302
\c@Item=\count303
\c@Hfootnote=\count304
)

Package hyperref Message: Driver (autodetected): hxetex.

(C:\Users\B\Software\Portable\MikTeX\tex\latex\hyperref\hxetex.def
File: hxetex.def 2012/11/06 v6.83m Hyperref driver for XeTeX
(C:\Users\B\Software\Portable\MikTeX\tex\latex\hyperref\puenc.def
File: puenc.def 2012/11/06 v6.83m Hyperref: PDF Unicode definition (HO)
) (C:\Users\B\Software\Portable\MikTeX\tex\generic\oberdiek\stringenc.sty
Package: stringenc 2011/12/02 v1.10 Convert strings between diff. encodings (HO
)
)
\pdfm@box=\box86
\c@Hy@AnnotLevel=\count305
\HyField@AnnotCount=\count306
\Fld@listcount=\count307
\c@bookmark@seq@number=\count308
(C:\Users\B\Software\Portable\MikTeX\tex\latex\oberdiek\rerunfilecheck.sty
Package: rerunfilecheck 2011/04/15 v1.7 Rerun checks for auxiliary files (HO)
Package rerunfilecheck Info: Feature \pdfmdfivesum is not available
(rerunfilecheck)             (e.g. pdfTeX or LuaTeX with package `pdftexcmds').

(rerunfilecheck)             Therefore file contents cannot be checked efficien
tly
(rerunfilecheck)             and the loading of the package is aborted.
)
\Hy@SectionHShift=\skip83
)

Package hyperref Warning: Unexpected value for option `hidelinks'
(hyperref)                is ignored on input line 152.

Package hyperref Info: Option `colorlinks' set `true' on input line 152.
(C:\Users\B\Software\Portable\MikTeX\tex\latex\fontspec\fontspec.sty
Package: fontspec 2013/03/16 v2.3a Font selection for XeLaTeX and LuaLaTeX
\l_fontspec_script_int=\count309
\l_fontspec_language_int=\count310
\l_fontspec_strnum_int=\count311
\l_fontspec_tmpa_dim=\dimen278
\l_fontspec_tmpb_dim=\dimen279
\l_fontspec_tmpc_dim=\dimen280
Variant \tl_gset:cV already defined; not changing it on line 69
(C:\Users\B\Software\Portable\MikTeX\tex\latex\fontspec\fontspec-patches.sty
Package: fontspec-patches 2013/03/16 v2.3a Font selection for XeLaTeX and LuaLa
TeX
(C:\Users\B\Software\Portable\MikTeX\tex\latex\base\fixltx2e.sty
Package: fixltx2e 2006/09/13 v1.1m fixes to LaTeX
LaTeX Info: Redefining \em on input line 420.
)
LaTeX Info: Redefining \em on input line 22.
LaTeX Info: Redefining \emph on input line 30.
LaTeX Info: Redefining \- on input line 33.
*************************************************
* LaTeX warning: "xparse/redefine-command"
* 
* Redefining document command \oldstylenums with arg. spec. 'm' on line 128.
*************************************************
.................................................
. LaTeX info: "xparse/define-command"
. 
. Defining document command \liningnums with arg. spec. 'm' on line 132.
.................................................
) (C:\Users\B\Software\Portable\MikTeX\tex\latex\fontspec\fontspec-xetex.sty
Package: fontspec-xetex 2013/03/16 v2.3a Font selection for XeLaTeX and LuaLaTe
X
(C:\Users\B\Software\Portable\MikTeX\tex\latex\base\fontenc.sty
Package: fontenc 2005/09/27 v1.99g Standard LaTeX package
(C:\Users\B\Software\Portable\MikTeX\tex\latex\euenc\eu1enc.def
File: eu1enc.def 2010/05/27 v0.1h Experimental Unicode font encodings
)
LaTeX Font Info:    Try loading font information for EU1+lmr on input line 100.

(C:\Users\B\Software\Portable\MikTeX\tex\latex\euenc\eu1lmr.fd
File: eu1lmr.fd 2009/10/30 v1.6 Font defs for Latin Modern
)) (C:\Users\B\Software\Portable\MikTeX\tex\xelatex\xunicode\xunicode.sty
File: xunicode.sty 2011/09/09 v0.981 provides access to latin accents and many 
other characters in Unicode lower plane
(C:\Users\B\Software\Portable\MikTeX\tex\latex\tipa\t3enc.def
File: t3enc.def 2001/12/31 T3 encoding
LaTeX Font Info:    Try loading font information for EU1+lmss on input line 357
.
(C:\Users\B\Software\Portable\MikTeX\tex\latex\euenc\eu1lmss.fd
File: eu1lmss.fd 2009/10/30 v1.6 Font defs for Latin Modern
))
\tipaTiiicode=\count312
\tipasavetokens=\toks42
\tipachecktokens=\toks43
)
.................................................
. LaTeX info: "xparse/define-command"
. 
. Defining document command \fontspec with arg. spec. 'O{}m' on line 41.
.................................................
.................................................
. LaTeX info: "xparse/define-command"
. 
. Defining document command \setmainfont with arg. spec. 'O{}m' on line 46.
.................................................
.................................................
. LaTeX info: "xparse/define-command"
. 
. Defining document command \setsansfont with arg. spec. 'O{}m' on line 51.
.................................................
.................................................
. LaTeX info: "xparse/define-command"
. 
. Defining document command \setmonofont with arg. spec. 'O{}m' on line 56.
.................................................
.................................................
. LaTeX info: "xparse/define-command"
. 
. Defining document command \setmathrm with arg. spec. 'O{}m' on line 65.
.................................................
.................................................
. LaTeX info: "xparse/define-command"
. 
. Defining document command \setboldmathrm with arg. spec. 'O{}m' on line 69.
.................................................
.................................................
. LaTeX info: "xparse/define-command"
. 
. Defining document command \setmathsf with arg. spec. 'O{}m' on line 73.
.................................................
.................................................
. LaTeX info: "xparse/define-command"
. 
. Defining document command \setmathtt with arg. spec. 'O{}m' on line 77.
.................................................
.................................................
. LaTeX info: "xparse/define-command"
. 
. Defining document command \newfontfamily with arg. spec. 'mO{}m' on line 96.
.................................................
.................................................
. LaTeX info: "xparse/define-command"
. 
. Defining document command \newfontface with arg. spec. 'mO{}m' on line 100.
.................................................
.................................................
. LaTeX info: "xparse/define-command"
. 
. Defining document command \defaultfontfeatures with arg. spec. 'om' on line
. 108.
.................................................
.................................................
. LaTeX info: "xparse/define-command"
. 
. Defining document command \addfontfeatures with arg. spec. 'm' on line 144.
.................................................
.................................................
. LaTeX info: "xparse/define-command"
. 
. Defining document command \newfontfeature with arg. spec. 'mm' on line 156.
.................................................
.................................................
. LaTeX info: "xparse/define-command"
. 
. Defining document command \newAATfeature with arg. spec. 'mmmm' on line 164.
.................................................
.................................................
. LaTeX info: "xparse/define-command"
. 
. Defining document command \newICUfeature with arg. spec. 'mmm' on line 172.
.................................................
.................................................
. LaTeX info: "xparse/define-command"
. 
. Defining document command \aliasfontfeature with arg. spec. 'mm' on line
. 201.
.................................................
.................................................
. LaTeX info: "xparse/define-command"
. 
. Defining document command \aliasfontfeatureoption with arg. spec. 'mmm' on
. line 203.
.................................................
.................................................
. LaTeX info: "xparse/define-command"
. 
. Defining document command \newfontscript with arg. spec. 'mm' on line 208.
.................................................
.................................................
. LaTeX info: "xparse/define-command"
. 
. Defining document command \newfontlanguage with arg. spec. 'mm' on line 235.
.................................................
.................................................
. LaTeX info: "xparse/define-command"
. 
. Defining document command \DeclareFontsExtensions with arg. spec. 'm' on
. line 256.
.................................................
Variant \prop_gput:cnV already defined; not changing it on line 582
Variant \prop_gput:cnx already defined; not changing it on line 583
\l_fontspec_tmp_int=\count313
LaTeX Info: Redefining \itshape on input line 2091.
LaTeX Info: Redefining \slshape on input line 2096.
LaTeX Info: Redefining \scshape on input line 2101.
LaTeX Info: Redefining \upshape on input line 2106.
(C:\Users\B\Software\Portable\MikTeX\tex\latex\fontspec\fontspec.cfg)))
\g__file_internal_ior=\read3
\g_fontspec_family_Futura Std Book_int=\count314
.................................................
. fontspec info: "defining-font"
. 
. Font family 'FuturaStdBook(0)' created for font 'Futura Std Book' with
. options [].
. 
. This font family consists of the following shapes:
. 
. * 'normal' with NFSS spec.:
. <->"Futura Std Book/ICU:script=latn;language=DFLT;"
. 
. * 'bold' with NFSS spec.:
. <->"Futura Std Book/B/ICU:script=latn;language=DFLT;"
. 
. * 'italic' with NFSS spec.:
. <->"Futura Std Book/I/ICU:script=latn;language=DFLT;"
. 
. * 'bold italic' with NFSS spec.:
. <->"Futura Std Book/BI/ICU:script=latn;language=DFLT;"
.................................................
(C:\Users\B\Software\Portable\MikTeX\tex\latex\titlesec\titlesec.sty
Package: titlesec 2011/12/15 v2.10.0 Sectioning titles
\ttl@box=\box87
\beforetitleunit=\skip84
\aftertitleunit=\skip85
\ttl@plus=\dimen281
\ttl@minus=\dimen282
\ttl@toksa=\toks44
\titlewidth=\dimen283
\titlewidthlast=\dimen284
\titlewidthfirst=\dimen285
) (C:\Users\B\Software\Portable\MikTeX\tex\latex\natbib\natbib.sty
Package: natbib 2010/09/13 8.31b (PWD, AO)
\bibhang=\skip86
\bibsep=\skip87
LaTeX Info: Redefining \cite on input line 694.
\c@NAT@ctr=\count315
) (C:\Users\B\Software\Portable\MikTeX\tex\latex\base\makeidx.sty
Package: makeidx 2000/03/29 v1.0m Standard LaTeX package
)
\@indexfile=\write3
Writing index file project.idx
)
\@input{common/header.aux}
(C:\Users\B\Dropbox\github\latex_boilerplate\pdf\common/header.tex (C:\Users\B\
Software\Portable\MikTeX\tex\latex\geometry\geometry.sty
Package: geometry 2010/09/12 v5.6 Page Geometry
\Gm@cnth=\count316
\Gm@cntv=\count317
\c@Gm@tempcnt=\count318
\Gm@bindingoffset=\dimen286
\Gm@wd@mp=\dimen287
\Gm@odd@mp=\dimen288
\Gm@even@mp=\dimen289
\Gm@layoutwidth=\dimen290
\Gm@layoutheight=\dimen291
\Gm@layouthoffset=\dimen292
\Gm@layoutvoffset=\dimen293
\Gm@dimlist=\toks45
(C:\Users\B\Software\Portable\MikTeX\tex\xelatex\xetexconfig\geometry.cfg)))
\@input{common/codes.aux}
(C:\Users\B\Dropbox\github\latex_boilerplate\pdf\common/codes.tex (C:\Users\B\D
ropbox\github\latex_boilerplate\pdf\code/misc.tex
.................................................
. LaTeX info: "xparse/define-command"
. 
. Defining document command \lbpitemize with arg. spec. '> { \SplitList { , }
. } m ' on line 18.
.................................................
.................................................
. LaTeX info: "xparse/define-command"
. 
. Defining document command \myref with arg. spec. 'm' on line 21.
.................................................
) (C:\Users\B\Dropbox\github\latex_boilerplate\pdf\code/refs.tex) (C:\Users\B\D
ropbox\github\latex_boilerplate\pdf\code/figures.tex) (C:\Users\B\Dropbox\githu
b\latex_boilerplate\pdf\code/sections.tex) (C:\Users\B\Dropbox\github\latex_boi
lerplate\pdf\code/index.tex)) (C:\Users\B\Software\Portable\MikTeX\tex\generic\
oberdiek\se-ascii-print.def
File: se-ascii-print.def 2011/12/02 v1.10 stringenc: Printable ASCII characters

) (C:\Users\B\Dropbox\github\latex_boilerplate\pdf\project.aux (C:\Users\B\Drop
box\github\latex_boilerplate\pdf\common/titlepage.aux) (C:\Users\B\Dropbox\gith
ub\latex_boilerplate\pdf\common/thanks.aux) (C:\Users\B\Dropbox\github\latex_bo
ilerplate\pdf\chapters/citations.aux) (C:\Users\B\Dropbox\github\latex_boilerpl
ate\pdf\chapters/lists.aux) (C:\Users\B\Dropbox\github\latex_boilerplate\pdf\ch
apters/code.aux) (C:\Users\B\Dropbox\github\latex_boilerplate\pdf\chapters/fast
a.aux) (C:\Users\B\Dropbox\github\latex_boilerplate\pdf\chapters/problems.aux) 
(C:\Users\B\Dropbox\github\latex_boilerplate\pdf\chapters/equations.aux) (C:\Us
ers\B\Dropbox\github\latex_boilerplate\pdf\common/appendix.aux) (C:\Users\B\Dro
pbox\github\latex_boilerplate\pdf\citations/references.aux))
LaTeX Font Info:    Checking defaults for OML/cmm/m/it on input line 18.
LaTeX Font Info:    ... okay on input line 18.
LaTeX Font Info:    Checking defaults for T1/cmr/m/n on input line 18.
LaTeX Font Info:    ... okay on input line 18.
LaTeX Font Info:    Checking defaults for OT1/cmr/m/n on input line 18.
LaTeX Font Info:    ... okay on input line 18.
LaTeX Font Info:    Checking defaults for OMS/cmsy/m/n on input line 18.
LaTeX Font Info:    ... okay on input line 18.
LaTeX Font Info:    Checking defaults for OMX/cmex/m/n on input line 18.
LaTeX Font Info:    ... okay on input line 18.
LaTeX Font Info:    Checking defaults for U/cmr/m/n on input line 18.
LaTeX Font Info:    ... okay on input line 18.
LaTeX Font Info:    Checking defaults for TS1/cmr/m/n on input line 18.
LaTeX Font Info:    ... okay on input line 18.
LaTeX Font Info:    Checking defaults for PD1/pdf/m/n on input line 18.
LaTeX Font Info:    ... okay on input line 18.
LaTeX Font Info:    Checking defaults for PU/pdf/m/n on input line 18.
LaTeX Font Info:    ... okay on input line 18.
LaTeX Font Info:    Checking defaults for EU1/lmr/m/n on input line 18.
LaTeX Font Info:    ... okay on input line 18.
LaTeX Font Info:    Checking defaults for T3/cmr/m/n on input line 18.
LaTeX Font Info:    Try loading font information for T3+cmr on input line 18.
(C:\Users\B\Software\Portable\MikTeX\tex\latex\tipa\t3cmr.fd
File: t3cmr.fd 2001/12/31 TIPA font definitions
)
LaTeX Font Info:    ... okay on input line 18.
\c@lstlisting=\count319
\AtBeginShipoutBox=\box88
Package caption Info: Begin \AtBeginDocument code.
Package caption Info: subfig package v1.3 is loaded.
Package caption Info: hyperref package is loaded.
Package caption Info: wrapfig package is loaded.
Package caption Info: End \AtBeginDocument code.
LaTeX Info: Redefining \celsius on input line 18.
Package gensymb Info: Faking symbols for \degree and \celsius on input line 18.


Package gensymb Warning: Not defining \perthousand.

LaTeX Info: Redefining \ohm on input line 18.
Package gensymb Info: Using \Omega for \ohm on input line 18.

Package gensymb Warning: Not defining \micro.

Package hyperref Info: Link coloring ON on input line 18.
(C:\Users\B\Software\Portable\MikTeX\tex\latex\hyperref\nameref.sty
Package: nameref 2012/10/27 v2.43 Cross-referencing by name of section
(C:\Users\B\Software\Portable\MikTeX\tex\generic\oberdiek\gettitlestring.sty
Package: gettitlestring 2010/12/03 v1.4 Cleanup title references (HO)
)
\c@section@level=\count320
)
LaTeX Info: Redefining \ref on input line 18.
LaTeX Info: Redefining \pageref on input line 18.
LaTeX Info: Redefining \nameref on input line 18.
(C:\Users\B\Dropbox\github\latex_boilerplate\pdf\project.out) (C:\Users\B\Dropb
ox\github\latex_boilerplate\pdf\project.out)
\@outlinefile=\write4
.................................................
. fontspec info: "setup-math"
. 
. Adjusting the maths setup (use [no-math] to avoid this).
.................................................
\symlegacymaths=\mathgroup4
LaTeX Font Info:    Overwriting symbol font `legacymaths' in version `bold'
(Font)                  OT1/cmr/m/n --> OT1/cmr/bx/n on input line 18.
LaTeX Font Info:    Redeclaring math accent \acute on input line 18.
LaTeX Font Info:    Redeclaring math accent \grave on input line 18.
LaTeX Font Info:    Redeclaring math accent \ddot on input line 18.
LaTeX Font Info:    Redeclaring math accent \tilde on input line 18.
LaTeX Font Info:    Redeclaring math accent \bar on input line 18.
LaTeX Font Info:    Redeclaring math accent \breve on input line 18.
LaTeX Font Info:    Redeclaring math accent \check on input line 18.
LaTeX Font Info:    Redeclaring math accent \hat on input line 18.
LaTeX Font Info:    Redeclaring math accent \dot on input line 18.
LaTeX Font Info:    Redeclaring math accent \mathring on input line 18.
LaTeX Font Info:    Redeclaring math symbol \Gamma on input line 18.
LaTeX Font Info:    Redeclaring math symbol \Delta on input line 18.
LaTeX Font Info:    Redeclaring math symbol \Theta on input line 18.
LaTeX Font Info:    Redeclaring math symbol \Lambda on input line 18.
LaTeX Font Info:    Redeclaring math symbol \Xi on input line 18.
LaTeX Font Info:    Redeclaring math symbol \Pi on input line 18.
LaTeX Font Info:    Redeclaring math symbol \Sigma on input line 18.
LaTeX Font Info:    Redeclaring math symbol \Upsilon on input line 18.
LaTeX Font Info:    Redeclaring math symbol \Phi on input line 18.
LaTeX Font Info:    Redeclaring math symbol \Psi on input line 18.
LaTeX Font Info:    Redeclaring math symbol \Omega on input line 18.
LaTeX Font Info:    Redeclaring math symbol \mathdollar on input line 18.
LaTeX Font Info:    Redeclaring symbol font `operators' on input line 18.
LaTeX Font Info:    Encoding `OT1' has changed to `EU1' for symbol font
(Font)              `operators' in the math version `normal' on input line 18.
LaTeX Font Info:    Overwriting symbol font `operators' in version `normal'
(Font)                  OT1/cmr/m/n --> EU1/FuturaStdBook(0)/m/n on input line 
18.
LaTeX Font Info:    Encoding `OT1' has changed to `EU1' for symbol font
(Font)              `operators' in the math version `bold' on input line 18.
LaTeX Font Info:    Overwriting symbol font `operators' in version `bold'
(Font)                  OT1/cmr/bx/n --> EU1/FuturaStdBook(0)/m/n on input line
 18.
LaTeX Font Info:    Overwriting symbol font `operators' in version `normal'
(Font)                  EU1/FuturaStdBook(0)/m/n --> EU1/FuturaStdBook(0)/m/n o
n input line 18.
LaTeX Font Info:    Overwriting math alphabet `\mathrm' in version `normal'
(Font)                  EU1/FuturaStdBook(0)/m/n --> EU1/FuturaStdBook(0)/m/n o
n input line 18.
LaTeX Font Info:    Overwriting math alphabet `\mathit' in version `normal'
(Font)                  OT1/cmr/m/it --> EU1/FuturaStdBook(0)/m/it on input lin
e 18.
LaTeX Font Info:    Overwriting math alphabet `\mathbf' in version `normal'
(Font)                  OT1/cmr/bx/n --> EU1/FuturaStdBook(0)/bx/n on input lin
e 18.
LaTeX Font Info:    Overwriting math alphabet `\mathsf' in version `normal'
(Font)                  OT1/cmss/m/n --> EU1/lmss/m/n on input line 18.
LaTeX Font Info:    Overwriting math alphabet `\mathtt' in version `normal'
(Font)                  OT1/cmtt/m/n --> EU1/lmtt/m/n on input line 18.
LaTeX Font Info:    Overwriting symbol font `operators' in version `bold'
(Font)                  EU1/FuturaStdBook(0)/m/n --> EU1/FuturaStdBook(0)/bx/n 
on input line 18.
LaTeX Font Info:    Overwriting math alphabet `\mathrm' in version `bold'
(Font)                  EU1/FuturaStdBook(0)/m/n --> EU1/FuturaStdBook(0)/bx/n 
on input line 18.
LaTeX Font Info:    Overwriting math alphabet `\mathit' in version `bold'
(Font)                  OT1/cmr/bx/it --> EU1/FuturaStdBook(0)/bx/it on input l
ine 18.
LaTeX Font Info:    Overwriting math alphabet `\mathsf' in version `bold'
(Font)                  OT1/cmss/bx/n --> EU1/lmss/bx/n on input line 18.
LaTeX Font Info:    Overwriting math alphabet `\mathtt' in version `bold'
(Font)                  OT1/cmtt/m/n --> EU1/lmtt/bx/n on input line 18.
*geometry* detected driver: pdftex
*geometry* verbose mode - [ preamble ] result:
* driver: pdftex
* paper: <default>
* layout: <same size as paper>
* layoutoffset:(h,v)=(0.0pt,0.0pt)
* modes: 
* h-part:(L,W,R)=(61.42856pt, 491.43787pt, 61.42857pt)
* v-part:(T,H,B)=(63.59662pt, 635.97841pt, 95.39496pt)
* \paperwidth=614.295pt
* \paperheight=794.96999pt
* \textwidth=491.43787pt
* \textheight=635.97841pt
* \oddsidemargin=-10.84143pt
* \evensidemargin=-10.84143pt
* \topmargin=-38.74086pt
* \headheight=12.0pt
* \headsep=18.06749pt
* \topskip=10.0pt
* \footskip=25.29494pt
* \marginparwidth=69.0pt
* \marginparsep=7.0pt
* \columnsep=10.0pt
* \skip\footins=9.0pt plus 4.0pt minus 2.0pt
* \hoffset=0.0pt
* \voffset=0.0pt
* \mag=1000
* \@twocolumnfalse
* \@twosidefalse
* \@mparswitchfalse
* \@reversemarginfalse
* (1in=72.27pt=25.4mm, 1cm=28.453pt)

(C:\Users\B\Dropbox\github\latex_boilerplate\pdf\common/titlepage.tex
Underfull \hbox (badness 10000) in paragraph at lines 8--12

 []


Overfull \hbox (30.0pt too wide) in paragraph at lines 14--18
[] 
 []


Package hyperref Warning: Ignoring empty anchor on input line 26.

[1








]) (C:\Users\B\Dropbox\github\latex_boilerplate\pdf\common/thanks.tex

LaTeX Font Warning: Font shape `EU1/FuturaStdBook(0)/m/sc' undefined
(Font)              using `EU1/FuturaStdBook(0)/m/n' instead on input line 9.


LaTeX Font Warning: Font shape `EU1/FuturaStdBook(0)/bx/sc' undefined
(Font)              using `EU1/FuturaStdBook(0)/bx/n' instead on input line 9.


Underfull \hbox (badness 10000) in paragraph at lines 15--17

 []

) [1


] (C:\Users\B\Dropbox\github\latex_boilerplate\pdf\project.toc)
\tf@toc=\write5
(C:\Users\B\Dropbox\github\latex_boilerplate\pdf\project.lof)
\tf@lof=\write6
(C:\Users\B\Dropbox\github\latex_boilerplate\pdf\project.lot)
\tf@lot=\write7
[1

] [2] [3] (C:\Users\B\Dropbox\github\latex_boilerplate\pdf\chapters/citations.t
ex

LaTeX Warning: Reference `fig:Map' on page 4 undefined on input line 7.

) [4

] (C:\Users\B\Dropbox\github\latex_boilerplate\pdf\chapters/lists.tex
Underfull \hbox (badness 10000) in paragraph at lines 10--12

 []


Underfull \hbox (badness 10000) in paragraph at lines 12--13
[]\EU1/FuturaStdBook(0)/bx/n/12 endocrine chemi-
 []


Underfull \hbox (badness 10000) in paragraph at lines 13--13
[]\EU1/FuturaStdBook(0)/m/n/8 follicle-stimulating hor-
 []


Underfull \hbox (badness 10000) in paragraph at lines 13--13
[]\EU1/FuturaStdBook(0)/m/n/8 melanocyte-stimulating
 []


Underfull \hbox (badness 10000) in paragraph at lines 15--15
[]\EU1/FuturaStdBook(0)/m/n/8 protein-tyrosine phos-
 []

) [5


] (C:\Users\B\Dropbox\github\latex_boilerplate\pdf\chapters/code.tex
LaTeX Font Info:    Try loading font information for EU1+lmtt on input line 10.

(C:\Users\B\Software\Portable\MikTeX\tex\latex\euenc\eu1lmtt.fd
File: eu1lmtt.fd 2009/10/30 v1.6 Font defs for Latin Modern
) (C:\Users\B\Dropbox\github\latex_boilerplate\pdf\data/hierarchical.nn.R) (C:\
Users\B\Dropbox\github\latex_boilerplate\pdf\data/playlist.py [6


]) (C:\Users\B\Dropbox\github\latex_boilerplate\pdf\data/playlistMaker.sh) [7])
[8] (C:\Users\B\Dropbox\github\latex_boilerplate\pdf\chapters/fasta.tex) [9


] (C:\Users\B\Dropbox\github\latex_boilerplate\pdf\chapters/problems.tex

LaTeX Warning: Reference `fig:wk7:thermal_regulation' on page 10 undefined on i
nput line 10.

) [10


] (C:\Users\B\Dropbox\github\latex_boilerplate\pdf\chapters/equations.tex) [11


] (C:\Users\B\Dropbox\github\latex_boilerplate\pdf\common/appendix.tex) [12


] (C:\Users\B\Dropbox\github\latex_boilerplate\pdf\chapters/table.tex
Underfull \hbox (badness 10000) in paragraph at lines 16--16
[]|\EU1/FuturaStdBook(0)/m/n/10 Nuclear-
 []

) (C:\Users\B\Dropbox\github\latex_boilerplate\pdf\chapters/figures.tex [13

]
File: images/pueblobonito.jpg Graphic file (type QTm)
<use  "images/pueblobonito.jpg" >
File: images/chavin.jpg Graphic file (type QTm)
<use  "images/chavin.jpg" >
File: images/nagame.jpg Graphic file (type QTm)
<use  "images/nagame.jpg" >
File: images/cenote.jpg Graphic file (type QTm)
<use  "images/cenote.jpg" >
File: images/thermo_regulation.eps Graphic file (type eps)
<images/thermo_regulation.eps>

LaTeX Warning: `!h' float specifier changed to `!ht'.

) [14] [15] (C:\Users\B\Dropbox\github\latex_boilerplate\pdf\citations/referenc
es.tex (C:\Users\B\Dropbox\github\latex_boilerplate\pdf\project.bbl)) [16

] (C:\Users\B\Dropbox\github\latex_boilerplate\pdf\citations/index.tex (C:\User
s\B\Dropbox\github\latex_boilerplate\pdf\project.ind
! Undefined control sequence.
\theindex ...le \z@ \columnsep 35\p@ \idx@heading 
                                                  \index@preamble \par \nobr...
l.1 \begin{theindex}
                    
The control sequence at the end of the top line
of your error message was never \def'ed. If you have
misspelled it (e.g., `\hobx'), type `I' and the correct
spelling (e.g., `I\hbox'). Otherwise just continue,
and I'll forget about whatever was undefined.

! Undefined control sequence.
\theindex ...p 35\p@ \idx@heading \index@preamble 
                                                  \par \nobreak \thispagesty...
l.1 \begin{theindex}
                    
The control sequence at the end of the top line
of your error message was never \def'ed. If you have
misspelled it (e.g., `\hobx'), type `I' and the correct
spelling (e.g., `I\hbox'). Otherwise just continue,
and I'll forget about whatever was undefined.

! Undefined control sequence.
<argument> ps@\indexpagestyle 
                              
l.1 \begin{theindex}
                    
The control sequence at the end of the top line
of your error message was never \def'ed. If you have
misspelled it (e.g., `\hobx'), type `I' and the correct
spelling (e.g., `I\hbox'). Otherwise just continue,
and I'll forget about whatever was undefined.

! Undefined control sequence.
<argument> \undefinedpagestyle 
                               
l.1 \begin{theindex}
                    
The control sequence at the end of the top line
of your error message was never \def'ed. If you have
misspelled it (e.g., `\hobx'), type `I' and the correct
spelling (e.g., `I\hbox'). Otherwise just continue,
and I'll forget about whatever was undefined.

[17


]))
Package atveryend Info: Empty hook `BeforeClearDocument' on input line 85.
Package atveryend Info: Empty hook `AfterLastShipout' on input line 85.
(C:\Users\B\Dropbox\github\latex_boilerplate\pdf\project.aux (C:\Users\B\Dropbo
x\github\latex_boilerplate\pdf\common/titlepage.aux) (C:\Users\B\Dropbox\github
\latex_boilerplate\pdf\common/thanks.aux) (C:\Users\B\Dropbox\github\latex_boil
erplate\pdf\chapters/citations.aux) (C:\Users\B\Dropbox\github\latex_boilerplat
e\pdf\chapters/lists.aux) (C:\Users\B\Dropbox\github\latex_boilerplate\pdf\chap
ters/code.aux) (C:\Users\B\Dropbox\github\latex_boilerplate\pdf\chapters/fasta.
aux) (C:\Users\B\Dropbox\github\latex_boilerplate\pdf\chapters/problems.aux) (C
:\Users\B\Dropbox\github\latex_boilerplate\pdf\chapters/equations.aux) (C:\User
s\B\Dropbox\github\latex_boilerplate\pdf\common/appendix.aux) (C:\Users\B\Dropb
ox\github\latex_boilerplate\pdf\citations/references.aux))
Package atveryend Info: Empty hook `AtVeryEndDocument' on input line 85.
Package atveryend Info: Empty hook `AtEndAfterFileList' on input line 85.

LaTeX Font Warning: Some font shapes were not available, defaults substituted.


LaTeX Warning: There were undefined references.

 ) 
Here is how much of TeX's memory you used:
 31463 strings out of 429035
 562883 string characters out of 3166573
 763548 words of memory out of 3000000
 34170 multiletter control sequences out of 15000+200000
 9307 words of font info for 59 fonts, out of 3000000 for 9000
 912 hyphenation exceptions out of 8191
 65i,12n,98p,1264b,1774s stack positions out of 5000i,500n,10000p,200000b,50000s

Output written on project.pdf (19 pages).
